INFO:     Started server process [7100]
INFO:     Waiting for application startup.
2026-03-11 15:20:56.794 | INFO     | main:lifespan:33 - \U0001f680 \u0628\u062f\u0621 \u062a\u0634\u063a\u064a\u0644 X-Monitor ...
2026-03-11 15:20:56.841 | INFO     | database:init_db:75 - \u2705 \u0642\u0627\u0639\u062f\u0629 \u0627\u0644\u0628\u064a\u0627\u0646\u0627\u062a \u062c\u0627\u0647\u0632\u0629
2026-03-11 15:20:56.841 | INFO     | browser:init_browser:39 - \U0001f680 \u062a\u0634\u063a\u064a\u0644 \u0627\u0644\u0645\u062a\u0635\u0641\u062d ...
2026-03-11 15:20:57.591 | INFO     | browser:init_browser:64 - \U0001f36a \u062a\u062d\u0645\u064a\u0644 7 \u0643\u0648\u0643\u064a\u0632 \u0645\u0646 cookies.json
2026-03-11 15:20:57.763 | SUCCESS  | browser:init_browser:81 - \u2705 \u0627\u0644\u0645\u062a\u0635\u0641\u062d \u062c\u0627\u0647\u0632
2026-03-11 15:20:57.763 | SUCCESS  | monitor:start_monitor:38 - \U0001f7e2 \u0645\u062d\u0631\u0643 \u0627\u0644\u0645\u0631\u0627\u0642\u0628\u0629 \u0628\u062f\u0623
INFO:     Application startup complete.
INFO:     Uvicorn running on http://0.0.0.0:8000 (Press CTRL+C to quit)
2026-03-11 15:20:57.779 | INFO     | monitor:_supervisor_loop:68 - \u25b6\ufe0f  \u0628\u062f\u0621 \u0645\u0631\u0627\u0642\u0628\u0629 @nfoud_ai
2026-03-11 15:20:57.779 | INFO     | monitor:_monitor_account_loop:93 - \U0001f441  \u0645\u0631\u0627\u0642\u0628\u0629 @nfoud_ai  (\u0643\u0644 60\u062b)
2026-03-11 15:20:57.940 | DEBUG    | browser:fetch_user_posts:184 - \U0001f4e1 \u0641\u062a\u062d: https://x.com/nfoud_ai
2026-03-11 15:20:58.866 | ERROR    | browser:fetch_user_posts:204 - \u274c \u062e\u0637\u0623 \u0623\u062b\u0646\u0627\u0621 \u062c\u0644\u0628 @nfoud_ai: Page.goto: Target page, context or browser has been closed
Call log:
navigating to "https://x.com/nfoud_ai", waiting until "domcontentloaded"

2026-03-11 15:20:58.866 | WARNING  | browser:fetch_user_posts:206 - \U0001f504 \u0627\u0644\u0645\u062a\u0635\u0641\u062d \u0627\u0646\u0647\u0627\u0631\u060c \u062c\u0627\u0631\u064a \u0625\u0639\u0627\u062f\u0629 \u0627\u0644\u062a\u0634\u063a\u064a\u0644...
2026-03-11 15:20:58.866 | WARNING  | browser:restart_browser:160 - \U0001f504 \u0625\u0639\u0627\u062f\u0629 \u062a\u0634\u063a\u064a\u0644 \u0627\u0644\u0645\u062a\u0635\u0641\u062d ...
INFO:     Shutting down
INFO:     Waiting for application shutdown.
2026-03-11 15:20:59.008 | INFO     | main:lifespan:37 - \U0001f6d1 \u0625\u064a\u0642\u0627\u0641 X-Monitor ...
2026-03-11 15:20:59.008 | INFO     | monitor:stop_monitor:47 - \u23f9  \u0625\u064a\u0642\u0627\u0641 \u0645\u0631\u0627\u0642\u0628\u0629 @nfoud_ai
2026-03-11 15:20:59.008 | INFO     | browser:close_browser:156 - \U0001f6d1 \u0627\u0644\u0645\u062a\u0635\u0641\u062d \u0623\u064f\u063a\u0644\u0642
2026-03-11 15:20:59.008 | WARNING  | monitor:stop_monitor:50 - \U0001f534 \u0645\u062d\u0631\u0643 \u0627\u0644\u0645\u0631\u0627\u0642\u0628\u0629 \u0623\u064f\u0648\u0642\u0641
INFO:     Application shutdown complete.
INFO:     Finished server process [7100]
2026-03-11 15:20:59.008 | INFO     | monitor:_monitor_account_loop:99 - \u274c \u0625\u0644\u063a\u0627\u0621 \u0645\u0631\u0627\u0642\u0628\u0629 @nfoud_ai
Traceback (most recent call last):
  File "C:\Users\Administrator\AppData\Local\Programs\Python\Python311\Lib\asyncio\runners.py", line 118, in run
    return self._loop.run_until_complete(task)
           ^^^^^^^^^^^^^^^^^^^^^^^^^^^^^^^^^^^
  File "C:\Users\Administrator\AppData\Local\Programs\Python\Python311\Lib\asyncio\base_events.py", line 654, in run_until_complete
    return future.result()
           ^^^^^^^^^^^^^^^
asyncio.exceptions.CancelledError

During handling of the above exception, another exception occurred:

Traceback (most recent call last):
  File "C:\Users\Administrator\Desktop\qou\X-Monitor-API\main.py", line 486, in <module>
    uvicorn.run(
  File "C:\Users\Administrator\Desktop\qou\X-Monitor-API\venv\Lib\site-packages\uvicorn\main.py", line 575, in run
    server.run()
  File "C:\Users\Administrator\Desktop\qou\X-Monitor-API\venv\Lib\site-packages\uvicorn\server.py", line 65, in run
    return asyncio.run(self.serve(sockets=sockets))
           ^^^^^^^^^^^^^^^^^^^^^^^^^^^^^^^^^^^^^^^^
  File "C:\Users\Administrator\AppData\Local\Programs\Python\Python311\Lib\asyncio\runners.py", line 190, in run
    return runner.run(main)
           ^^^^^^^^^^^^^^^^
  File "C:\Users\Administrator\AppData\Local\Programs\Python\Python311\Lib\asyncio\runners.py", line 123, in run
    raise KeyboardInterrupt()
KeyboardInterrupt
Exception ignored in: <function BaseSubprocessTransport.__del__ at 0x00000235282C8A40>
Traceback (most recent call last):
  File "C:\Users\Administrator\AppData\Local\Programs\Python\Python311\Lib\asyncio\base_subprocess.py", line 126, in __del__
    self.close()
  File "C:\Users\Administrator\AppData\Local\Programs\Python\Python311\Lib\asyncio\base_subprocess.py", line 104, in close
    proto.pipe.close()
  File "C:\Users\Administrator\AppData\Local\Programs\Python\Python311\Lib\asyncio\proactor_events.py", line 109, in close
    self._loop.call_soon(self._call_connection_lost, None)
  File "C:\Users\Administrator\AppData\Local\Programs\Python\Python311\Lib\asyncio\base_events.py", line 762, in call_soon
    self._check_closed()
  File "C:\Users\Administrator\AppData\Local\Programs\Python\Python311\Lib\asyncio\base_events.py", line 520, in _check_closed
    raise RuntimeError('Event loop is closed')
RuntimeError: Event loop is closed
